<?xml version="1.0" encoding="UTF-8"?>
<coverage generated="1781491593151" clover="3.2.0">
  <project timestamp="1781491593152" name="All files">
    <metrics statements="45" coveredstatements="45" conditionals="22" coveredconditionals="22" methods="12" coveredmethods="12" elements="79" coveredelements="79" complexity="0" loc="45" ncloc="45" packages="2" files="3" classes="3"/>
    <package name="store">
      <metrics statements="16" coveredstatements="16" conditionals="4" coveredconditionals="4" methods="10" coveredmethods="10"/>
      <file name="bookingStore.ts" path="/Users/shivamsharma/Downloads/Projects/quickslot/src/store/bookingStore.ts">
        <metrics statements="16" coveredstatements="16" conditionals="4" coveredconditionals="4" methods="10" coveredmethods="10"/>
        <line num="1" count="1" type="stmt"/>
        <line num="2" count="1" type="stmt"/>
        <line num="3" count="1" type="stmt"/>
        <line num="17" count="1" type="stmt"/>
        <line num="19" count="1" type="stmt"/>
        <line num="24" count="17" type="cond" truecount="2" falsecount="0"/>
        <line num="25" count="2" type="stmt"/>
        <line num="29" count="15" type="cond" truecount="2" falsecount="0"/>
        <line num="30" count="1" type="stmt"/>
        <line num="33" count="14" type="stmt"/>
        <line num="37" count="14" type="stmt"/>
        <line num="41" count="4" type="stmt"/>
        <line num="42" count="4" type="stmt"/>
        <line num="47" count="22" type="stmt"/>
        <line num="51" count="18" type="stmt"/>
        <line num="56" count="1" type="stmt"/>
      </file>
    </package>
    <package name="utils">
      <metrics statements="29" coveredstatements="29" conditionals="18" coveredconditionals="18" methods="2" coveredmethods="2"/>
      <file name="slots.ts" path="/Users/shivamsharma/Downloads/Projects/quickslot/src/utils/slots.ts">
        <metrics statements="13" coveredstatements="13" conditionals="0" coveredconditionals="0" methods="1" coveredmethods="1"/>
        <line num="1" count="1" type="stmt"/>
        <line num="11" count="1" type="stmt"/>
        <line num="12" count="1" type="stmt"/>
        <line num="13" count="1" type="stmt"/>
        <line num="15" count="1" type="stmt"/>
        <line num="16" count="18" type="stmt"/>
        <line num="19" count="18" type="stmt"/>
        <line num="25" count="18" type="stmt"/>
        <line num="30" count="18" type="stmt"/>
        <line num="31" count="288" type="stmt"/>
        <line num="33" count="288" type="stmt"/>
        <line num="41" count="288" type="stmt"/>
        <line num="44" count="18" type="stmt"/>
      </file>
      <file name="validations.ts" path="/Users/shivamsharma/Downloads/Projects/quickslot/src/utils/validations.ts">
        <metrics statements="16" coveredstatements="16" conditionals="18" coveredconditionals="18" methods="1" coveredmethods="1"/>
        <line num="6" count="1" type="stmt"/>
        <line num="12" count="21" type="cond" truecount="4" falsecount="0"/>
        <line num="13" count="4" type="stmt"/>
        <line num="19" count="17" type="cond" truecount="2" falsecount="0"/>
        <line num="20" count="2" type="stmt"/>
        <line num="26" count="15" type="cond" truecount="2" falsecount="0"/>
        <line num="27" count="1" type="stmt"/>
        <line num="34" count="14" type="cond" truecount="4" falsecount="0"/>
        <line num="35" count="3" type="stmt"/>
        <line num="41" count="11" type="cond" truecount="2" falsecount="0"/>
        <line num="42" count="1" type="stmt"/>
        <line num="48" count="10" type="cond" truecount="2" falsecount="0"/>
        <line num="49" count="1" type="stmt"/>
        <line num="56" count="9" type="cond" truecount="2" falsecount="0"/>
        <line num="57" count="2" type="stmt"/>
        <line num="63" count="7" type="stmt"/>
      </file>
    </package>
  </project>
</coverage>
