{"/Users/shivamsharma/Downloads/Projects/quickslot/src/store/bookingStore.ts": {"path":"/Users/shivamsharma/Downloads/Projects/quickslot/src/store/bookingStore.ts","statementMap":{"0":{"start":{"line":1,"column":0},"end":{"line":1,"column":69}},"1":{"start":{"line":2,"column":0},"end":{"line":2,"column":33}},"2":{"start":{"line":3,"column":0},"end":{"line":3,"column":64}},"3":{"start":{"line":17,"column":13},"end":{"line":59,"column":2}},"4":{"start":{"line":19,"column":23},"end":{"line":53,"column":10}},"5":{"start":{"line":24,"column":16},"end":{"line":26,"column":17}},"6":{"start":{"line":25,"column":20},"end":{"line":25,"column":33}},"7":{"start":{"line":29,"column":16},"end":{"line":31,"column":17}},"8":{"start":{"line":30,"column":20},"end":{"line":30,"column":33}},"9":{"start":{"line":33,"column":16},"end":{"line":35,"column":20}},"10":{"start":{"line":33,"column":32},"end":{"line":35,"column":18}},"11":{"start":{"line":37,"column":16},"end":{"line":37,"column":28}},"12":{"start":{"line":41,"column":16},"end":{"line":43,"column":20}},"13":{"start":{"line":41,"column":32},"end":{"line":43,"column":18}},"14":{"start":{"line":42,"column":59},"end":{"line":42,"column":70}},"15":{"start":{"line":47,"column":16},"end":{"line":47,"column":71}},"16":{"start":{"line":47,"column":50},"end":{"line":47,"column":69}},"17":{"start":{"line":51,"column":16},"end":{"line":51,"column":38}},"18":{"start":{"line":56,"column":45},"end":{"line":56,"column":57}}},"fnMap":{"0":{"name":"(anonymous_1)","decl":{"start":{"line":19,"column":8},"end":{"line":19,"column":9}},"loc":{"start":{"line":19,"column":23},"end":{"line":53,"column":10}}},"1":{"name":"(anonymous_2)","decl":{"start":{"line":22,"column":24},"end":{"line":22,"column":25}},"loc":{"start":{"line":22,"column":54},"end":{"line":38,"column":13}}},"2":{"name":"(anonymous_3)","decl":{"start":{"line":33,"column":20},"end":{"line":33,"column":21}},"loc":{"start":{"line":33,"column":32},"end":{"line":35,"column":18}}},"3":{"name":"(anonymous_4)","decl":{"start":{"line":40,"column":27},"end":{"line":40,"column":28}},"loc":{"start":{"line":40,"column":48},"end":{"line":44,"column":13}}},"4":{"name":"(anonymous_5)","decl":{"start":{"line":41,"column":20},"end":{"line":41,"column":21}},"loc":{"start":{"line":41,"column":32},"end":{"line":43,"column":18}}},"5":{"name":"(anonymous_6)","decl":{"start":{"line":42,"column":52},"end":{"line":42,"column":53}},"loc":{"start":{"line":42,"column":59},"end":{"line":42,"column":70}}},"6":{"name":"(anonymous_7)","decl":{"start":{"line":46,"column":25},"end":{"line":46,"column":26}},"loc":{"start":{"line":46,"column":53},"end":{"line":48,"column":13}}},"7":{"name":"(anonymous_8)","decl":{"start":{"line":47,"column":43},"end":{"line":47,"column":44}},"loc":{"start":{"line":47,"column":50},"end":{"line":47,"column":69}}},"8":{"name":"(anonymous_9)","decl":{"start":{"line":50,"column":30},"end":{"line":50,"column":39}},"loc":{"start":{"line":50,"column":41},"end":{"line":52,"column":13}}},"9":{"name":"(anonymous_10)","decl":{"start":{"line":56,"column":39},"end":{"line":56,"column":42}},"loc":{"start":{"line":56,"column":45},"end":{"line":56,"column":57}}}},"branchMap":{"0":{"loc":{"start":{"line":24,"column":16},"end":{"line":26,"column":17}},"type":"if","locations":[{"start":{"line":24,"column":16},"end":{"line":26,"column":17}},{"start":{},"end":{}}]},"1":{"loc":{"start":{"line":29,"column":16},"end":{"line":31,"column":17}},"type":"if","locations":[{"start":{"line":29,"column":16},"end":{"line":31,"column":17}},{"start":{},"end":{}}]}},"s":{"0":1,"1":1,"2":1,"3":1,"4":1,"5":17,"6":2,"7":15,"8":1,"9":14,"10":14,"11":14,"12":4,"13":4,"14":4,"15":22,"16":8,"17":18,"18":1},"f":{"0":1,"1":17,"2":14,"3":4,"4":4,"5":4,"6":22,"7":8,"8":18,"9":1},"b":{"0":[2,15],"1":[1,14]}}
,"/Users/shivamsharma/Downloads/Projects/quickslot/src/utils/slots.ts": {"path":"/Users/shivamsharma/Downloads/Projects/quickslot/src/utils/slots.ts","statementMap":{"0":{"start":{"line":1,"column":0},"end":{"line":1,"column":null}},"1":{"start":{"line":11,"column":28},"end":{"line":11,"column":29}},"2":{"start":{"line":12,"column":26},"end":{"line":12,"column":28}},"3":{"start":{"line":13,"column":30},"end":{"line":13,"column":32}},"4":{"start":{"line":15,"column":36},"end":{"line":45,"column":1}},"5":{"start":{"line":16,"column":30},"end":{"line":16,"column":32}},"6":{"start":{"line":19,"column":18},"end":{"line":21,"column":null}},"7":{"start":{"line":25,"column":16},"end":{"line":27,"column":null}},"8":{"start":{"line":30,"column":4},"end":{"line":42,"column":5}},"9":{"start":{"line":31,"column":26},"end":{"line":31,"column":43}},"10":{"start":{"line":33,"column":8},"end":{"line":39,"column":11}},"11":{"start":{"line":41,"column":8},"end":{"line":41,"column":61}},"12":{"start":{"line":44,"column":4},"end":{"line":44,"column":17}},"13":{"start":{"line":15,"column":13},"end":{"line":15,"column":36}}},"fnMap":{"0":{"name":"(anonymous_0)","decl":{"start":{"line":15,"column":36},"end":{"line":15,"column":37}},"loc":{"start":{"line":15,"column":63},"end":{"line":45,"column":1}}}},"branchMap":{},"s":{"0":1,"1":1,"2":1,"3":1,"4":1,"5":18,"6":18,"7":18,"8":18,"9":288,"10":288,"11":288,"12":18,"13":1},"f":{"0":18},"b":{}}
,"/Users/shivamsharma/Downloads/Projects/quickslot/src/utils/validations.ts": {"path":"/Users/shivamsharma/Downloads/Projects/quickslot/src/utils/validations.ts","statementMap":{"0":{"start":{"line":6,"column":31},"end":{"line":67,"column":1}},"1":{"start":{"line":12,"column":4},"end":{"line":17,"column":5}},"2":{"start":{"line":13,"column":8},"end":{"line":16,"column":10}},"3":{"start":{"line":19,"column":4},"end":{"line":24,"column":5}},"4":{"start":{"line":20,"column":8},"end":{"line":23,"column":10}},"5":{"start":{"line":26,"column":4},"end":{"line":31,"column":5}},"6":{"start":{"line":27,"column":8},"end":{"line":30,"column":10}},"7":{"start":{"line":34,"column":4},"end":{"line":39,"column":5}},"8":{"start":{"line":35,"column":8},"end":{"line":38,"column":10}},"9":{"start":{"line":41,"column":4},"end":{"line":46,"column":5}},"10":{"start":{"line":42,"column":8},"end":{"line":45,"column":10}},"11":{"start":{"line":48,"column":4},"end":{"line":53,"column":5}},"12":{"start":{"line":49,"column":8},"end":{"line":52,"column":10}},"13":{"start":{"line":56,"column":4},"end":{"line":61,"column":5}},"14":{"start":{"line":57,"column":8},"end":{"line":60,"column":10}},"15":{"start":{"line":63,"column":4},"end":{"line":66,"column":6}},"16":{"start":{"line":6,"column":13},"end":{"line":6,"column":31}}},"fnMap":{"0":{"name":"(anonymous_0)","decl":{"start":{"line":6,"column":31},"end":{"line":6,"column":null}},"loc":{"start":{"line":10,"column":22},"end":{"line":67,"column":1}}}},"branchMap":{"0":{"loc":{"start":{"line":12,"column":4},"end":{"line":17,"column":5}},"type":"if","locations":[{"start":{"line":12,"column":4},"end":{"line":17,"column":5}},{"start":{},"end":{}}]},"1":{"loc":{"start":{"line":12,"column":8},"end":{"line":12,"column":29}},"type":"binary-expr","locations":[{"start":{"line":12,"column":8},"end":{"line":12,"column":13}},{"start":{"line":12,"column":17},"end":{"line":12,"column":29}}]},"2":{"loc":{"start":{"line":19,"column":4},"end":{"line":24,"column":5}},"type":"if","locations":[{"start":{"line":19,"column":4},"end":{"line":24,"column":5}},{"start":{},"end":{}}]},"3":{"loc":{"start":{"line":26,"column":4},"end":{"line":31,"column":5}},"type":"if","locations":[{"start":{"line":26,"column":4},"end":{"line":31,"column":5}},{"start":{},"end":{}}]},"4":{"loc":{"start":{"line":34,"column":4},"end":{"line":39,"column":5}},"type":"if","locations":[{"start":{"line":34,"column":4},"end":{"line":39,"column":5}},{"start":{},"end":{}}]},"5":{"loc":{"start":{"line":34,"column":8},"end":{"line":34,"column":33}},"type":"binary-expr","locations":[{"start":{"line":34,"column":8},"end":{"line":34,"column":15}},{"start":{"line":34,"column":19},"end":{"line":34,"column":33}}]},"6":{"loc":{"start":{"line":41,"column":4},"end":{"line":46,"column":5}},"type":"if","locations":[{"start":{"line":41,"column":4},"end":{"line":46,"column":5}},{"start":{},"end":{}}]},"7":{"loc":{"start":{"line":48,"column":4},"end":{"line":53,"column":5}},"type":"if","locations":[{"start":{"line":48,"column":4},"end":{"line":53,"column":5}},{"start":{},"end":{}}]},"8":{"loc":{"start":{"line":56,"column":4},"end":{"line":61,"column":5}},"type":"if","locations":[{"start":{"line":56,"column":4},"end":{"line":61,"column":5}},{"start":{},"end":{}}]}},"s":{"0":1,"1":21,"2":4,"3":17,"4":2,"5":15,"6":1,"7":14,"8":3,"9":11,"10":1,"11":10,"12":1,"13":9,"14":2,"15":7,"16":1},"f":{"0":21},"b":{"0":[4,17],"1":[21,18],"2":[2,15],"3":[1,14],"4":[3,11],"5":[14,12],"6":[1,10],"7":[1,9],"8":[2,7]}}
}
