TN:
SF:src/store/bookingStore.ts
FN:19,(anonymous_1)
FN:22,(anonymous_2)
FN:33,(anonymous_3)
FN:40,(anonymous_4)
FN:41,(anonymous_5)
FN:42,(anonymous_6)
FN:46,(anonymous_7)
FN:47,(anonymous_8)
FN:50,(anonymous_9)
FN:56,(anonymous_10)
FNF:10
FNH:10
FNDA:1,(anonymous_1)
FNDA:17,(anonymous_2)
FNDA:14,(anonymous_3)
FNDA:4,(anonymous_4)
FNDA:4,(anonymous_5)
FNDA:4,(anonymous_6)
FNDA:22,(anonymous_7)
FNDA:8,(anonymous_8)
FNDA:18,(anonymous_9)
FNDA:1,(anonymous_10)
DA:1,1
DA:2,1
DA:3,1
DA:17,1
DA:19,1
DA:24,17
DA:25,2
DA:29,15
DA:30,1
DA:33,14
DA:37,14
DA:41,4
DA:42,4
DA:47,22
DA:51,18
DA:56,1
LF:16
LH:16
BRDA:24,0,0,2
BRDA:24,0,1,15
BRDA:29,1,0,1
BRDA:29,1,1,14
BRF:4
BRH:4
end_of_record
TN:
SF:src/utils/slots.ts
FN:15,(anonymous_0)
FNF:1
FNH:1
FNDA:18,(anonymous_0)
DA:1,1
DA:11,1
DA:12,1
DA:13,1
DA:15,1
DA:16,18
DA:19,18
DA:25,18
DA:30,18
DA:31,288
DA:33,288
DA:41,288
DA:44,18
LF:13
LH:13
BRF:0
BRH:0
end_of_record
TN:
SF:src/utils/validations.ts
FN:6,(anonymous_0)
FNF:1
FNH:1
FNDA:21,(anonymous_0)
DA:6,1
DA:12,21
DA:13,4
DA:19,17
DA:20,2
DA:26,15
DA:27,1
DA:34,14
DA:35,3
DA:41,11
DA:42,1
DA:48,10
DA:49,1
DA:56,9
DA:57,2
DA:63,7
LF:16
LH:16
BRDA:12,0,0,4
BRDA:12,0,1,17
BRDA:12,1,0,21
BRDA:12,1,1,18
BRDA:19,2,0,2
BRDA:19,2,1,15
BRDA:26,3,0,1
BRDA:26,3,1,14
BRDA:34,4,0,3
BRDA:34,4,1,11
BRDA:34,5,0,14
BRDA:34,5,1,12
BRDA:41,6,0,1
BRDA:41,6,1,10
BRDA:48,7,0,1
BRDA:48,7,1,9
BRDA:56,8,0,2
BRDA:56,8,1,7
BRF:18
BRH:18
end_of_record
